<?xml version='1.0'?>
<ns2:test-suite xmlns:ns2='urn:model.allure.qatools.yandex.ru' start='1716643397025' stop='1716643508837'>
    <name>Live Page Tests</name>
    <title>Live Page Tests</title>
    <test-cases>
        <test-case start='1716643400627' status='failed' stop='1716643463908'>
            <name>Validate Livestream Player is visible</name>
            <title>Validate Livestream Player is visible</title>
            <labels>
                <label name='language' value='javascript'/>
                <label name='framework' value='codeceptjs'/>
            </labels>
            <parameters/>
            <steps>
                <step start='1716643400649' status='failed' stop='1716643463907'>
                    <name>Given I am on the live page ""</name>
                    <title>Given I am on the live page ""</title>
                    <attachments/>
                    <steps>
                        <step start='1716643400649' status='passed' stop='1716643400650'>
                            <name>I say "Navigating to the live page"</name>
                            <title>I say "Navigating to the live page"</title>
                            <attachments/>
                            <steps/>
                        </step>
                        <step start='1716643400650' status='passed' stop='1716643400650'>
                            <name>Navigating to the live page</name>
                            <title>Navigating to the live page</title>
                            <attachments/>
                            <steps/>
                        </step>
                        <step start='1716643400650' status='passed' stop='1716643433901'>
                            <name>I am on page "https://aljazeera.com/live"</name>
                            <title>I am on page "https://aljazeera.com/live"</title>
                            <attachments/>
                            <steps/>
                        </step>
                        <step start='1716643433902' status='failed' stop='1716643463906'>
                            <name>I wait for element "#livestream_player", 30</name>
                            <title>I wait for element "#livestream_player", 30</title>
                            <attachments/>
                            <steps/>
                        </step>
                    </steps>
                </step>
            </steps>
            <attachments>
                <attachment title='Main session - Last Seen Screenshot' source='fca77d40-4c4c-40e6-9b02-141613c5ab79-attachment.png' type='image/png' size='1091685'/>
            </attachments>
            <failure>
                <message>element (#livestream_player) still not present on page after 30 sec</message>
                <stack-trace>Error: element (#livestream_player) still not present on page after 30 sec
                    at file:///C:/Users/laksh/codeceptjs-bdd/node_modules/webdriverio/build/commands/browser/waitUntil.js:39:23
                    at async Browser.wrapCommandFn (file:///C:/Users/laksh/codeceptjs-bdd/node_modules/webdriverio/node_modules/@wdio/utils/build/shim.js:90:29)</stack-trace>
            </failure>
        </test-case>
        <test-case start='1716643464922' status='failed' stop='1716643508011'>
            <name>Validate Switch Player button is visible in Livestream Player</name>
            <title>Validate Switch Player button is visible in Livestream Player</title>
            <labels>
                <label name='language' value='javascript'/>
                <label name='framework' value='codeceptjs'/>
            </labels>
            <parameters/>
            <steps>
                <step start='1716643464927' status='failed' stop='1716643508011'>
                    <name>Given I am on the live page ""</name>
                    <title>Given I am on the live page ""</title>
                    <attachments/>
                    <steps>
                        <step start='1716643464927' status='passed' stop='1716643464927'>
                            <name>I say "Navigating to the live page"</name>
                            <title>I say "Navigating to the live page"</title>
                            <attachments/>
                            <steps/>
                        </step>
                        <step start='1716643464927' status='passed' stop='1716643464927'>
                            <name>Navigating to the live page</name>
                            <title>Navigating to the live page</title>
                            <attachments/>
                            <steps/>
                        </step>
                        <step start='1716643464927' status='passed' stop='1716643478003'>
                            <name>I am on page "https://aljazeera.com/live"</name>
                            <title>I am on page "https://aljazeera.com/live"</title>
                            <attachments/>
                            <steps/>
                        </step>
                        <step start='1716643478003' status='failed' stop='1716643508011'>
                            <name>I wait for element "#livestream_player", 30</name>
                            <title>I wait for element "#livestream_player", 30</title>
                            <attachments/>
                            <steps/>
                        </step>
                    </steps>
                </step>
            </steps>
            <attachments>
                <attachment title='Main session - Last Seen Screenshot' source='80873a2f-4f73-41f4-b9bb-4180e199dd32-attachment.png' type='image/png' size='954593'/>
            </attachments>
            <failure>
                <message>element (#livestream_player) still not present on page after 30 sec</message>
                <stack-trace>Error: element (#livestream_player) still not present on page after 30 sec
                    at file:///C:/Users/laksh/codeceptjs-bdd/node_modules/webdriverio/build/commands/browser/waitUntil.js:39:23
                    at async Browser.wrapCommandFn (file:///C:/Users/laksh/codeceptjs-bdd/node_modules/webdriverio/node_modules/@wdio/utils/build/shim.js:90:29)</stack-trace>
            </failure>
        </test-case>
    </test-cases>
</ns2:test-suite>