<?xml version='1.0'?>
<ns2:test-suite xmlns:ns2='urn:model.allure.qatools.yandex.ru' start='1716640158841' stop='1716640289018'>
    <name>Main Page Tests</name>
    <title>Main Page Tests</title>
    <test-cases>
        <test-case start='1716640158842' status='failed' stop='1716640191132'>
            <name>Verify Most Read section is appearing on Desktop</name>
            <title>Verify Most Read section is appearing on Desktop</title>
            <labels>
                <label name='language' value='javascript'/>
                <label name='framework' value='codeceptjs'/>
            </labels>
            <parameters/>
            <steps>
                <step start='1716640158853' status='failed' stop='1716640191132'>
                    <name>Given I am on the main page ""</name>
                    <title>Given I am on the main page ""</title>
                    <attachments/>
                    <steps>
                        <step start='1716640158853' status='passed' stop='1716640161126'>
                            <name>I am on page "https://aljazeera.com/"</name>
                            <title>I am on page "https://aljazeera.com/"</title>
                            <attachments/>
                            <steps/>
                        </step>
                        <step start='1716640161127' status='failed' stop='1716640191131'>
                            <name>I wait for element "div[data-testid="most-read"]", 30</name>
                            <title>I wait for element "div[data-testid="most-read"]", 30</title>
                            <attachments/>
                            <steps/>
                        </step>
                    </steps>
                </step>
            </steps>
            <attachments>
                <attachment title='Main session - Last Seen Screenshot' source='85a98637-56fd-4004-b73f-7de1439621fd-attachment.png' type='image/png' size='1256575'/>
            </attachments>
            <failure>
                <message>element (div[data-testid="most-read"]) still not present on page after 30 sec</message>
                <stack-trace>Error: element (div[data-testid="most-read"]) still not present on page after 30 sec
                    at file:///C:/Users/laksh/codeceptjs-bdd/node_modules/webdriverio/build/commands/browser/waitUntil.js:39:23
                    at async Browser.wrapCommandFn (file:///C:/Users/laksh/codeceptjs-bdd/node_modules/webdriverio/node_modules/@wdio/utils/build/shim.js:90:29)</stack-trace>
            </failure>
        </test-case>
        <test-case start='1716640192015' status='failed' stop='1716640231246'>
            <name>Verify Most Read section has 10 posts on Desktop</name>
            <title>Verify Most Read section has 10 posts on Desktop</title>
            <labels>
                <label name='language' value='javascript'/>
                <label name='framework' value='codeceptjs'/>
            </labels>
            <parameters/>
            <steps>
                <step start='1716640192020' status='failed' stop='1716640231246'>
                    <name>Given I am on the main page ""</name>
                    <title>Given I am on the main page ""</title>
                    <attachments/>
                    <steps>
                        <step start='1716640192020' status='passed' stop='1716640201235'>
                            <name>I am on page "https://aljazeera.com/"</name>
                            <title>I am on page "https://aljazeera.com/"</title>
                            <attachments/>
                            <steps/>
                        </step>
                        <step start='1716640201235' status='failed' stop='1716640231245'>
                            <name>I wait for element "div[data-testid="most-read"]", 30</name>
                            <title>I wait for element "div[data-testid="most-read"]", 30</title>
                            <attachments/>
                            <steps/>
                        </step>
                    </steps>
                </step>
            </steps>
            <attachments>
                <attachment title='Main session - Last Seen Screenshot' source='00d42cca-98c2-4f4c-8b9c-903f18079648-attachment.png' type='image/png' size='1256582'/>
            </attachments>
            <failure>
                <message>element (div[data-testid="most-read"]) still not present on page after 30 sec</message>
                <stack-trace>Error: element (div[data-testid="most-read"]) still not present on page after 30 sec
                    at file:///C:/Users/laksh/codeceptjs-bdd/node_modules/webdriverio/build/commands/browser/waitUntil.js:39:23
                    at async Browser.wrapCommandFn (file:///C:/Users/laksh/codeceptjs-bdd/node_modules/webdriverio/node_modules/@wdio/utils/build/shim.js:90:29)</stack-trace>
            </failure>
        </test-case>
        <test-case start='1716640231670' status='failed' stop='1716640231674'>
            <name>Verify Most Read section is not appearing on Mobile</name>
            <title>Verify Most Read section is not appearing on Mobile</title>
            <labels>
                <label name='language' value='javascript'/>
                <label name='framework' value='codeceptjs'/>
            </labels>
            <parameters/>
            <steps/>
            <attachments>
                <attachment title='Main session - Last Seen Screenshot' source='5cf67ccb-c940-4339-90f5-fdcd2dc84ee2-attachment.png' type='image/png' size='1256582'/>
            </attachments>
            <failure>
                <message>I.setViewPortSize is not a function</message>
                <stack-trace>TypeError: I.setViewPortSize is not a function
                    at C:\Users\laksh\codeceptjs-bdd\steps\mainPage_steps.js:9:5
                    at runSteps (C:\Users\laksh\codeceptjs-bdd\node_modules\codeceptjs\lib\interfaces\gherkin.js:82:15)
                    at Test.&lt;anonymous> (C:\Users\laksh\codeceptjs-bdd\node_modules\codeceptjs\lib\interfaces\gherkin.js:142:48)
                    at test.fn (C:\Users\laksh\codeceptjs-bdd\node_modules\codeceptjs\lib\scenario.js:79:14)
                    at callFnAsync (C:\Users\laksh\codeceptjs-bdd\node_modules\mocha\lib\runnable.js:394:21)
                    at Runnable.run (C:\Users\laksh\codeceptjs-bdd\node_modules\mocha\lib\runnable.js:338:7)
                    at Runner.runTest (C:\Users\laksh\codeceptjs-bdd\node_modules\mocha\lib\runner.js:677:10)
                    at C:\Users\laksh\codeceptjs-bdd\node_modules\mocha\lib\runner.js:800:12
                    at next (C:\Users\laksh\codeceptjs-bdd\node_modules\mocha\lib\runner.js:592:14)
                    at C:\Users\laksh\codeceptjs-bdd\node_modules\mocha\lib\runner.js:602:7</stack-trace>
            </failure>
        </test-case>
        <test-case start='1716640232015' status='failed' stop='1716640288546'>
            <name>Verify Bypass Block menu item for Most Read is working on Desktop</name>
            <title>Verify Bypass Block menu item for Most Read is working on Desktop</title>
            <labels>
                <label name='language' value='javascript'/>
                <label name='framework' value='codeceptjs'/>
            </labels>
            <parameters/>
            <steps>
                <step start='1716640232031' status='failed' stop='1716640288546'>
                    <name>Given I am on the main page ""</name>
                    <title>Given I am on the main page ""</title>
                    <attachments/>
                    <steps>
                        <step start='1716640232031' status='passed' stop='1716640258541'>
                            <name>I am on page "https://aljazeera.com/"</name>
                            <title>I am on page "https://aljazeera.com/"</title>
                            <attachments/>
                            <steps/>
                        </step>
                        <step start='1716640258541' status='failed' stop='1716640288545'>
                            <name>I wait for element "div[data-testid="most-read"]", 30</name>
                            <title>I wait for element "div[data-testid="most-read"]", 30</title>
                            <attachments/>
                            <steps/>
                        </step>
                    </steps>
                </step>
            </steps>
            <attachments>
                <attachment title='Main session - Last Seen Screenshot' source='6533956d-c77f-462e-bee1-c732ccb9202e-attachment.png' type='image/png' size='1256583'/>
            </attachments>
            <failure>
                <message>element (div[data-testid="most-read"]) still not present on page after 30 sec</message>
                <stack-trace>Error: element (div[data-testid="most-read"]) still not present on page after 30 sec
                    at file:///C:/Users/laksh/codeceptjs-bdd/node_modules/webdriverio/build/commands/browser/waitUntil.js:39:23
                    at async Browser.wrapCommandFn (file:///C:/Users/laksh/codeceptjs-bdd/node_modules/webdriverio/node_modules/@wdio/utils/build/shim.js:90:29)</stack-trace>
            </failure>
        </test-case>
    </test-cases>
</ns2:test-suite>