<?xml version='1.0'?>
<ns2:test-suite xmlns:ns2='urn:model.allure.qatools.yandex.ru' start='1716647184085' stop='1716647239787'>
    <name>Main Page Tests</name>
    <title>Main Page Tests</title>
    <test-cases>
        <test-case start='1716647184085' status='passed' stop='1716647229004'>
            <name>Verify Most Read section is appearing on Desktop</name>
            <title>Verify Most Read section is appearing on Desktop</title>
            <labels>
                <label name='language' value='javascript'/>
                <label name='framework' value='codeceptjs'/>
            </labels>
            <parameters/>
            <steps>
                <step start='1716647184088' status='passed' stop='1716647228931'>
                    <name>Given I am on the main page ""</name>
                    <title>Given I am on the main page ""</title>
                    <attachments/>
                    <steps>
                        <step start='1716647184088' status='passed' stop='1716647228881'>
                            <name>I am on page "https://aljazeera.com/"</name>
                            <title>I am on page "https://aljazeera.com/"</title>
                            <attachments/>
                            <steps/>
                        </step>
                        <step start='1716647228882' status='passed' stop='1716647228931'>
                            <name>I wait for element "//h3[text()="Must Read"]/following-sibling::ul", 30</name>
                            <title>I wait for element "//h3[text()="Must Read"]/following-sibling::ul", 30</title>
                            <attachments/>
                            <steps/>
                        </step>
                        <step start='1716647228931' status='passed' stop='1716647228931'>
                            <name>I say "Main page loaded"</name>
                            <title>I say "Main page loaded"</title>
                            <attachments/>
                            <steps/>
                        </step>
                        <step start='1716647228931' status='passed' stop='1716647228931'>
                            <name>Main page loaded</name>
                            <title>Main page loaded</title>
                            <attachments/>
                            <steps/>
                        </step>
                    </steps>
                </step>
                <step start='1716647228931' status='passed' stop='1716647229004'>
                    <name>Then I should see the Most Read section ""</name>
                    <title>Then I should see the Most Read section ""</title>
                    <attachments/>
                    <steps>
                        <step start='1716647228931' status='passed' stop='1716647229004'>
                            <name>On mainPage: see most read section </name>
                            <title>On mainPage: see most read section </title>
                            <attachments/>
                            <steps>
                                <step start='1716647228931' status='passed' stop='1716647229004'>
                                    <name>I see element "//h3[text()="Must Read"]/following-sibling::ul"</name>
                                    <title>I see element "//h3[text()="Must Read"]/following-sibling::ul"</title>
                                    <attachments/>
                                    <steps/>
                                </step>
                            </steps>
                        </step>
                    </steps>
                </step>
            </steps>
            <attachments/>
        </test-case>
        <test-case start='1716647229284' status='failed' stop='1716647234456'>
            <name>Verify Most Read section has 10 posts on Desktop</name>
            <title>Verify Most Read section has 10 posts on Desktop</title>
            <labels>
                <label name='language' value='javascript'/>
                <label name='framework' value='codeceptjs'/>
            </labels>
            <parameters/>
            <steps>
                <step start='1716647229290' status='passed' stop='1716647232527'>
                    <name>Given I am on the main page ""</name>
                    <title>Given I am on the main page ""</title>
                    <attachments/>
                    <steps>
                        <step start='1716647229290' status='passed' stop='1716647232503'>
                            <name>I am on page "https://aljazeera.com/"</name>
                            <title>I am on page "https://aljazeera.com/"</title>
                            <attachments/>
                            <steps/>
                        </step>
                        <step start='1716647232503' status='passed' stop='1716647232526'>
                            <name>I wait for element "//h3[text()="Must Read"]/following-sibling::ul", 30</name>
                            <title>I wait for element "//h3[text()="Must Read"]/following-sibling::ul", 30</title>
                            <attachments/>
                            <steps/>
                        </step>
                        <step start='1716647232526' status='passed' stop='1716647232526'>
                            <name>I say "Main page loaded"</name>
                            <title>I say "Main page loaded"</title>
                            <attachments/>
                            <steps/>
                        </step>
                        <step start='1716647232526' status='passed' stop='1716647232526'>
                            <name>Main page loaded</name>
                            <title>Main page loaded</title>
                            <attachments/>
                            <steps/>
                        </step>
                    </steps>
                </step>
                <step start='1716647232527' status='failed' stop='1716647234456'>
                    <name>Then I should see expected posts in the Most Read section ""</name>
                    <title>Then I should see expected posts in the Most Read section ""</title>
                    <attachments/>
                    <steps>
                        <step start='1716647232527' status='failed' stop='1716647234456'>
                            <name>On mainPage: see most read posts 10</name>
                            <title>On mainPage: see most read posts 10</title>
                            <attachments/>
                            <steps>
                                <step start='1716647232527' status='failed' stop='1716647234456'>
                                    <name>I see number of elements "//h3[text()="Must Read"]/following-sibling::ul article", 10</name>
                                    <title>I see number of elements "//h3[text()="Must Read"]/following-sibling::ul article", 10</title>
                                    <attachments/>
                                    <steps/>
                                </step>
                            </steps>
                        </step>
                    </steps>
                </step>
            </steps>
            <attachments>
                <attachment title='Main session - Last Seen Screenshot' source='4a4c7a62-0ff9-4d30-8859-1d067d7f6c7a-attachment.png' type='image/png' size='1346019'/>
            </attachments>
            <failure>
                <message>javascript error: {"status":32,"value":"Unable to locate an element with the xpath expression //h3[text()=\"Must Read\"]/following-sibling::ul article because of the following error:\nSyntaxError: Failed to execute 'evaluate' on 'Document': The string '//h3[text()=\"Must Read\"]/following-sibling::ul article' is not a valid XPath expression."}
                  (Session info: chrome=125.0.6422.113)</message>
                <stack-trace>javascript error: javascript error: {"status":32,"value":"Unable to locate an element with the xpath expression //h3[text()=\"Must Read\"]/following-sibling::ul article because of the following error:\nSyntaxError: Failed to execute 'evaluate' on 'Document': The string '//h3[text()=\"Must Read\"]/following-sibling::ul article' is not a valid XPath expression."}
                  (Session info: chrome=125.0.6422.113)
                    at getErrorFromResponseBody (file:///C:/Users/laksh/codeceptjs-bdd/node_modules/webdriver/build/utils.js:195:12)
                    at NodeJSRequest._request (file:///C:/Users/laksh/codeceptjs-bdd/node_modules/webdriver/build/request/index.js:193:23)
                    at process.processTicksAndRejections (node:internal/process/task_queues:95:5)
                    at async Browser.wrapCommandFn (file:///C:/Users/laksh/codeceptjs-bdd/node_modules/webdriverio/node_modules/@wdio/utils/build/shim.js:90:29)
                    at async Browser.$$ (file:///C:/Users/laksh/codeceptjs-bdd/node_modules/webdriverio/build/commands/browser/$$.js:46:11)
                    at async Browser.wrapCommandFn (file:///C:/Users/laksh/codeceptjs-bdd/node_modules/webdriverio/node_modules/@wdio/utils/build/shim.js:90:29)
                    at async WebDriver._locate (C:\Users\laksh\codeceptjs-bdd\node_modules\codeceptjs\lib\helper\WebDriver.js:881:19)
                    at async WebDriver.seeNumberOfElements (C:\Users\laksh\codeceptjs-bdd\node_modules\codeceptjs\lib\helper\WebDriver.js:1579:17)</stack-trace>
            </failure>
        </test-case>
        <test-case start='1716647235197' status='failed' stop='1716647235201'>
            <name>Verify Most Read section is not appearing on Mobile</name>
            <title>Verify Most Read section is not appearing on Mobile</title>
            <labels>
                <label name='language' value='javascript'/>
                <label name='framework' value='codeceptjs'/>
            </labels>
            <parameters/>
            <steps>
                <step start='1716647235201' status='failed' stop='1716647235201'>
                    <name>Given I am on the main page with mobile viewport ""</name>
                    <title>Given I am on the main page with mobile viewport ""</title>
                    <attachments/>
                    <steps>
                        <step start='1716647235201' status='failed' stop='1716647235201'>
                            <name>I resize window {"width":375,"height":812}</name>
                            <title>I resize window {"width":375,"height":812}</title>
                            <attachments/>
                            <steps/>
                        </step>
                    </steps>
                </step>
            </steps>
            <attachments>
                <attachment title='Main session - Last Seen Screenshot' source='452269cb-192a-42d6-bfb5-2685455ab336-attachment.png' type='image/png' size='1346087'/>
            </attachments>
            <failure>
                <message>setWindowSize expects width and height of type number</message>
                <stack-trace>Error: setWindowSize expects width and height of type number
                    at Browser.setWindowSize (file:///C:/Users/laksh/codeceptjs-bdd/node_modules/webdriverio/build/commands/browser/setWindowSize.js:27:15)
                    at Browser.wrapCommandFn (file:///C:/Users/laksh/codeceptjs-bdd/node_modules/webdriverio/node_modules/@wdio/utils/build/shim.js:90:38)
                    at Browser.&lt;anonymous> (file:///C:/Users/laksh/codeceptjs-bdd/node_modules/webdriverio/node_modules/@wdio/utils/build/shim.js:259:24)
                    at WebDriver.resizeWindow (C:\Users\laksh\codeceptjs-bdd\node_modules\codeceptjs\lib\helper\WebDriver.js:2067:25)
                    at Step.run (C:\Users\laksh\codeceptjs-bdd\node_modules\codeceptjs\lib\step.js:123:49)
                    at C:\Users\laksh\codeceptjs-bdd\node_modules\codeceptjs\lib\actor.js:138:23</stack-trace>
            </failure>
        </test-case>
        <test-case start='1716647235630' status='failed' stop='1716647239107'>
            <name>Verify Bypass Block menu item for Most Read is working on Desktop</name>
            <title>Verify Bypass Block menu item for Most Read is working on Desktop</title>
            <labels>
                <label name='language' value='javascript'/>
                <label name='framework' value='codeceptjs'/>
            </labels>
            <parameters/>
            <steps>
                <step start='1716647235638' status='passed' stop='1716647239106'>
                    <name>Given I am on the main page ""</name>
                    <title>Given I am on the main page ""</title>
                    <attachments/>
                    <steps>
                        <step start='1716647235638' status='passed' stop='1716647238970'>
                            <name>I am on page "https://aljazeera.com/"</name>
                            <title>I am on page "https://aljazeera.com/"</title>
                            <attachments/>
                            <steps/>
                        </step>
                        <step start='1716647238970' status='passed' stop='1716647239106'>
                            <name>I wait for element "//h3[text()="Must Read"]/following-sibling::ul", 30</name>
                            <title>I wait for element "//h3[text()="Must Read"]/following-sibling::ul", 30</title>
                            <attachments/>
                            <steps/>
                        </step>
                        <step start='1716647239106' status='passed' stop='1716647239106'>
                            <name>I say "Main page loaded"</name>
                            <title>I say "Main page loaded"</title>
                            <attachments/>
                            <steps/>
                        </step>
                        <step start='1716647239106' status='passed' stop='1716647239106'>
                            <name>Main page loaded</name>
                            <title>Main page loaded</title>
                            <attachments/>
                            <steps/>
                        </step>
                    </steps>
                </step>
                <step start='1716647239106' status='failed' stop='1716647239107'>
                    <name>When I click on the Bypass Block menu ""</name>
                    <title>When I click on the Bypass Block menu ""</title>
                    <attachments/>
                    <steps>
                        <step start='1716647239107' status='failed' stop='1716647239107'>
                            <name>On mainPage: click bypass menu </name>
                            <title>On mainPage: click bypass menu </title>
                            <attachments/>
                            <steps>
                                <step start='1716647239107' status='failed' stop='1716647239107'>
                                    <name>I click "body", {"x":10,"y":10}</name>
                                    <title>I click "body", {"x":10,"y":10}</title>
                                    <attachments/>
                                    <steps/>
                                </step>
                            </steps>
                        </step>
                    </steps>
                </step>
            </steps>
            <attachments>
                <attachment title='Main session - Last Seen Screenshot' source='d654cab2-29e8-4e78-ad93-0b8903ec6365-attachment.png' type='image/png' size='1349424'/>
            </attachments>
            <failure>
                <message>Please define "customLocatorStrategies" as an Object and the Locator Strategy as a "function".</message>
                <stack-trace>Error: Please define "customLocatorStrategies" as an Object and the Locator Strategy as a "function".
                    at WebDriver._isCustomLocator (C:\Users\laksh\codeceptjs-bdd\node_modules\codeceptjs\lib\helper\WebDriver.js:587:13)
                    at WebDriver._locate (C:\Users\laksh\codeceptjs-bdd\node_modules\codeceptjs\lib\helper\WebDriver.js:876:16)
                    at C:\Users\laksh\codeceptjs-bdd\node_modules\codeceptjs\lib\helper\WebDriver.js:3232:17
                    at WebDriver.findClickable (C:\Users\laksh\codeceptjs-bdd\node_modules\codeceptjs\lib\helper\WebDriver.js:2898:15)
                    at WebDriver.click (C:\Users\laksh\codeceptjs-bdd\node_modules\codeceptjs\lib\helper\WebDriver.js:998:37)
                    at Step.run (C:\Users\laksh\codeceptjs-bdd\node_modules\codeceptjs\lib\step.js:123:49)
                    at C:\Users\laksh\codeceptjs-bdd\node_modules\codeceptjs\lib\actor.js:138:23
                    at process.processTicksAndRejections (node:internal/process/task_queues:95:5)</stack-trace>
            </failure>
        </test-case>
    </test-cases>
</ns2:test-suite>