<?xml version='1.0'?>
<ns2:test-suite xmlns:ns2='urn:model.allure.qatools.yandex.ru' start='1716638501898' stop='1716638636109'>
    <name>Main Page Tests</name>
    <title>Main Page Tests</title>
    <test-cases>
        <test-case start='1716638501898' status='failed' stop='1716638567964'>
            <name>Verify Most Read section is appearing on Desktop</name>
            <title>Verify Most Read section is appearing on Desktop</title>
            <labels>
                <label name='language' value='javascript'/>
                <label name='framework' value='codeceptjs'/>
            </labels>
            <parameters/>
            <steps>
                <step start='1716638501910' status='failed' stop='1716638567964'>
                    <name>Given I am on the main page ""</name>
                    <title>Given I am on the main page ""</title>
                    <attachments/>
                    <steps>
                        <step start='1716638501910' status='passed' stop='1716638537954'>
                            <name>I am on page "https://aljazeera.com/"</name>
                            <title>I am on page "https://aljazeera.com/"</title>
                            <attachments/>
                            <steps/>
                        </step>
                        <step start='1716638537954' status='failed' stop='1716638567964'>
                            <name>I wait for element "div[data-testid="most-read"]", 30</name>
                            <title>I wait for element "div[data-testid="most-read"]", 30</title>
                            <attachments/>
                            <steps/>
                        </step>
                    </steps>
                </step>
            </steps>
            <attachments>
                <attachment title='Main session - Last Seen Screenshot' source='db30287b-3740-4c5b-a73e-e93f45a98103-attachment.png' type='image/png' size='1205250'/>
            </attachments>
            <failure>
                <message>element (div[data-testid="most-read"]) still not present on page after 30 sec</message>
                <stack-trace>Error: element (div[data-testid="most-read"]) still not present on page after 30 sec
                    at file:///C:/Users/laksh/codeceptjs-bdd/node_modules/webdriverio/build/commands/browser/waitUntil.js:39:23
                    at async Browser.wrapCommandFn (file:///C:/Users/laksh/codeceptjs-bdd/node_modules/webdriverio/node_modules/@wdio/utils/build/shim.js:90:29)</stack-trace>
            </failure>
        </test-case>
        <test-case start='1716638569172' status='failed' stop='1716638603263'>
            <name>Verify Most Read section has 10 posts on Desktop</name>
            <title>Verify Most Read section has 10 posts on Desktop</title>
            <labels>
                <label name='language' value='javascript'/>
                <label name='framework' value='codeceptjs'/>
            </labels>
            <parameters/>
            <steps>
                <step start='1716638569176' status='failed' stop='1716638603263'>
                    <name>Given I am on the main page ""</name>
                    <title>Given I am on the main page ""</title>
                    <attachments/>
                    <steps>
                        <step start='1716638569176' status='passed' stop='1716638573250'>
                            <name>I am on page "https://aljazeera.com/"</name>
                            <title>I am on page "https://aljazeera.com/"</title>
                            <attachments/>
                            <steps/>
                        </step>
                        <step start='1716638573250' status='failed' stop='1716638603263'>
                            <name>I wait for element "div[data-testid="most-read"]", 30</name>
                            <title>I wait for element "div[data-testid="most-read"]", 30</title>
                            <attachments/>
                            <steps/>
                        </step>
                    </steps>
                </step>
            </steps>
            <attachments>
                <attachment title='Main session - Last Seen Screenshot' source='58922b07-ee1f-4a36-8294-80261fdb6010-attachment.png' type='image/png' size='1205255'/>
            </attachments>
            <failure>
                <message>element (div[data-testid="most-read"]) still not present on page after 30 sec</message>
                <stack-trace>Error: element (div[data-testid="most-read"]) still not present on page after 30 sec
                    at file:///C:/Users/laksh/codeceptjs-bdd/node_modules/webdriverio/build/commands/browser/waitUntil.js:39:23
                    at async Browser.wrapCommandFn (file:///C:/Users/laksh/codeceptjs-bdd/node_modules/webdriverio/node_modules/@wdio/utils/build/shim.js:90:29)</stack-trace>
            </failure>
        </test-case>
        <test-case start='1716638603891' status='failed' stop='1716638603894'>
            <name>Verify Most Read section is not appearing on Mobile</name>
            <title>Verify Most Read section is not appearing on Mobile</title>
            <labels>
                <label name='language' value='javascript'/>
                <label name='framework' value='codeceptjs'/>
            </labels>
            <parameters/>
            <steps/>
            <attachments>
                <attachment title='Main session - Last Seen Screenshot' source='39eea4cf-df14-47e2-9159-b552e5abfc05-attachment.png' type='image/png' size='1205255'/>
            </attachments>
            <failure>
                <message>I.setViewPortSize is not a function</message>
                <stack-trace>TypeError: I.setViewPortSize is not a function
                    at C:\Users\laksh\codeceptjs-bdd\steps\mainPage_steps.js:9:5
                    at runSteps (C:\Users\laksh\codeceptjs-bdd\node_modules\codeceptjs\lib\interfaces\gherkin.js:82:15)
                    at Test.&lt;anonymous> (C:\Users\laksh\codeceptjs-bdd\node_modules\codeceptjs\lib\interfaces\gherkin.js:142:48)
                    at test.fn (C:\Users\laksh\codeceptjs-bdd\node_modules\codeceptjs\lib\scenario.js:79:14)
                    at callFnAsync (C:\Users\laksh\codeceptjs-bdd\node_modules\mocha\lib\runnable.js:394:21)
                    at Runnable.run (C:\Users\laksh\codeceptjs-bdd\node_modules\mocha\lib\runnable.js:338:7)
                    at Runner.runTest (C:\Users\laksh\codeceptjs-bdd\node_modules\mocha\lib\runner.js:677:10)
                    at C:\Users\laksh\codeceptjs-bdd\node_modules\mocha\lib\runner.js:800:12
                    at next (C:\Users\laksh\codeceptjs-bdd\node_modules\mocha\lib\runner.js:592:14)
                    at C:\Users\laksh\codeceptjs-bdd\node_modules\mocha\lib\runner.js:602:7</stack-trace>
            </failure>
        </test-case>
        <test-case start='1716638604266' status='failed' stop='1716638635675'>
            <name>Verify Bypass Block menu item for Most Read is working on Desktop</name>
            <title>Verify Bypass Block menu item for Most Read is working on Desktop</title>
            <labels>
                <label name='language' value='javascript'/>
                <label name='framework' value='codeceptjs'/>
            </labels>
            <parameters/>
            <steps>
                <step start='1716638604276' status='failed' stop='1716638635675'>
                    <name>Given I am on the main page ""</name>
                    <title>Given I am on the main page ""</title>
                    <attachments/>
                    <steps>
                        <step start='1716638604276' status='passed' stop='1716638605673'>
                            <name>I am on page "https://aljazeera.com/"</name>
                            <title>I am on page "https://aljazeera.com/"</title>
                            <attachments/>
                            <steps/>
                        </step>
                        <step start='1716638605673' status='failed' stop='1716638635674'>
                            <name>I wait for element "div[data-testid="most-read"]", 30</name>
                            <title>I wait for element "div[data-testid="most-read"]", 30</title>
                            <attachments/>
                            <steps/>
                        </step>
                    </steps>
                </step>
            </steps>
            <attachments>
                <attachment title='Main session - Last Seen Screenshot' source='16c42f84-ab9c-4bcd-b08a-db0ac1ae5449-attachment.png' type='image/png' size='1205255'/>
            </attachments>
            <failure>
                <message>element (div[data-testid="most-read"]) still not present on page after 30 sec</message>
                <stack-trace>Error: element (div[data-testid="most-read"]) still not present on page after 30 sec
                    at file:///C:/Users/laksh/codeceptjs-bdd/node_modules/webdriverio/build/commands/browser/waitUntil.js:39:23
                    at async Browser.wrapCommandFn (file:///C:/Users/laksh/codeceptjs-bdd/node_modules/webdriverio/node_modules/@wdio/utils/build/shim.js:90:29)</stack-trace>
            </failure>
        </test-case>
    </test-cases>
</ns2:test-suite>