<?xml version='1.0'?>
<ns2:test-suite xmlns:ns2='urn:model.allure.qatools.yandex.ru' start='1716649569984' stop='1716649992376'>
    <name>Main Page Tests</name>
    <title>Main Page Tests</title>
    <test-cases>
        <test-case start='1716649569984' status='failed' stop='1716649608143'>
            <name>Verify Most Read section is appearing on Desktop</name>
            <title>Verify Most Read section is appearing on Desktop</title>
            <labels>
                <label name='language' value='javascript'/>
                <label name='framework' value='codeceptjs'/>
            </labels>
            <parameters/>
            <steps>
                <step start='1716649569989' status='failed' stop='1716649608143'>
                    <name>Given I am on the main page ""</name>
                    <title>Given I am on the main page ""</title>
                    <attachments/>
                    <steps>
                        <step start='1716649569989' status='passed' stop='1716649578135'>
                            <name>I am on page "https://www.aljazeera.com/"</name>
                            <title>I am on page "https://www.aljazeera.com/"</title>
                            <attachments/>
                            <steps/>
                        </step>
                        <step start='1716649578135' status='failed' stop='1716649608143'>
                            <name>I wait for element "//h2[text()="Most Read"]/following-sibling::ul", 30</name>
                            <title>I wait for element "//h2[text()="Most Read"]/following-sibling::ul", 30</title>
                            <attachments/>
                            <steps/>
                        </step>
                    </steps>
                </step>
            </steps>
            <attachments>
                <attachment title='Main session - Last Seen Screenshot' source='58da35f0-96f9-4ae7-87cd-29e4b31c5a52-attachment.png' type='image/png' size='1164733'/>
            </attachments>
            <failure>
                <message>element (//h2[text()="Most Read"]/following-sibling::ul) still not present on page after 30 sec</message>
                <stack-trace>Error: element (//h2[text()="Most Read"]/following-sibling::ul) still not present on page after 30 sec
                    at file:///C:/Users/laksh/codeceptjs-bdd/node_modules/webdriverio/build/commands/browser/waitUntil.js:39:23
                    at async Browser.wrapCommandFn (file:///C:/Users/laksh/codeceptjs-bdd/node_modules/webdriverio/node_modules/@wdio/utils/build/shim.js:90:29)</stack-trace>
            </failure>
        </test-case>
        <test-case start='1716649608884' status='failed' stop='1716649954605'>
            <name>Verify Most Read section has 10 posts on Desktop</name>
            <title>Verify Most Read section has 10 posts on Desktop</title>
            <labels>
                <label name='language' value='javascript'/>
                <label name='framework' value='codeceptjs'/>
            </labels>
            <parameters/>
            <steps>
                <step start='1716649608889' status='failed' stop='1716649954605'>
                    <name>Given I am on the main page ""</name>
                    <title>Given I am on the main page ""</title>
                    <attachments/>
                    <steps>
                        <step start='1716649608889' status='passed' stop='1716649924602'>
                            <name>I am on page "https://www.aljazeera.com/"</name>
                            <title>I am on page "https://www.aljazeera.com/"</title>
                            <attachments/>
                            <steps/>
                        </step>
                        <step start='1716649924602' status='failed' stop='1716649954605'>
                            <name>I wait for element "//h2[text()="Most Read"]/following-sibling::ul", 30</name>
                            <title>I wait for element "//h2[text()="Most Read"]/following-sibling::ul", 30</title>
                            <attachments/>
                            <steps/>
                        </step>
                    </steps>
                </step>
            </steps>
            <attachments>
                <attachment title='Main session - Last Seen Screenshot' source='a191ee70-2492-4eef-b1c8-37722cf75050-attachment.png' type='image/png' size='1164735'/>
            </attachments>
            <failure>
                <message>element (//h2[text()="Most Read"]/following-sibling::ul) still not present on page after 30 sec</message>
                <stack-trace>Error: element (//h2[text()="Most Read"]/following-sibling::ul) still not present on page after 30 sec
                    at file:///C:/Users/laksh/codeceptjs-bdd/node_modules/webdriverio/build/commands/browser/waitUntil.js:39:23
                    at async Browser.wrapCommandFn (file:///C:/Users/laksh/codeceptjs-bdd/node_modules/webdriverio/node_modules/@wdio/utils/build/shim.js:90:29)</stack-trace>
            </failure>
        </test-case>
        <test-case start='1716649955206' status='failed' stop='1716649955216'>
            <name>Verify Most Read section is not appearing on Mobile</name>
            <title>Verify Most Read section is not appearing on Mobile</title>
            <labels>
                <label name='language' value='javascript'/>
                <label name='framework' value='codeceptjs'/>
            </labels>
            <parameters/>
            <steps/>
            <attachments>
                <attachment title='Main session - Last Seen Screenshot' source='98a13d3f-9c37-4e5e-b3a1-773dc73a8ea3-attachment.png' type='image/png' size='1164735'/>
            </attachments>
            <failure>
                <message>I.setWindowSize is not a function</message>
                <stack-trace>TypeError: I.setWindowSize is not a function
                    at C:\Users\laksh\codeceptjs-bdd\steps\mainPage_steps.js:13:5
                    at runSteps (C:\Users\laksh\codeceptjs-bdd\node_modules\codeceptjs\lib\interfaces\gherkin.js:82:15)
                    at Test.&lt;anonymous> (C:\Users\laksh\codeceptjs-bdd\node_modules\codeceptjs\lib\interfaces\gherkin.js:142:48)
                    at test.fn (C:\Users\laksh\codeceptjs-bdd\node_modules\codeceptjs\lib\scenario.js:79:14)
                    at callFnAsync (C:\Users\laksh\codeceptjs-bdd\node_modules\mocha\lib\runnable.js:394:21)
                    at Runnable.run (C:\Users\laksh\codeceptjs-bdd\node_modules\mocha\lib\runnable.js:338:7)
                    at Runner.runTest (C:\Users\laksh\codeceptjs-bdd\node_modules\mocha\lib\runner.js:677:10)
                    at C:\Users\laksh\codeceptjs-bdd\node_modules\mocha\lib\runner.js:800:12
                    at next (C:\Users\laksh\codeceptjs-bdd\node_modules\mocha\lib\runner.js:592:14)
                    at C:\Users\laksh\codeceptjs-bdd\node_modules\mocha\lib\runner.js:602:7</stack-trace>
            </failure>
        </test-case>
        <test-case start='1716649955598' status='failed' stop='1716649991731'>
            <name>Verify Bypass Block menu item for Most Read is working on Desktop</name>
            <title>Verify Bypass Block menu item for Most Read is working on Desktop</title>
            <labels>
                <label name='language' value='javascript'/>
                <label name='framework' value='codeceptjs'/>
            </labels>
            <parameters/>
            <steps>
                <step start='1716649955617' status='failed' stop='1716649991730'>
                    <name>Given I am on the main page ""</name>
                    <title>Given I am on the main page ""</title>
                    <attachments/>
                    <steps>
                        <step start='1716649955617' status='passed' stop='1716649961719'>
                            <name>I am on page "https://www.aljazeera.com/"</name>
                            <title>I am on page "https://www.aljazeera.com/"</title>
                            <attachments/>
                            <steps/>
                        </step>
                        <step start='1716649961719' status='failed' stop='1716649991730'>
                            <name>I wait for element "//h2[text()="Most Read"]/following-sibling::ul", 30</name>
                            <title>I wait for element "//h2[text()="Most Read"]/following-sibling::ul", 30</title>
                            <attachments/>
                            <steps/>
                        </step>
                    </steps>
                </step>
            </steps>
            <attachments>
                <attachment title='Main session - Last Seen Screenshot' source='65761ee1-3040-44ca-ab94-73bfce64076a-attachment.png' type='image/png' size='1164816'/>
            </attachments>
            <failure>
                <message>element (//h2[text()="Most Read"]/following-sibling::ul) still not present on page after 30 sec</message>
                <stack-trace>Error: element (//h2[text()="Most Read"]/following-sibling::ul) still not present on page after 30 sec
                    at file:///C:/Users/laksh/codeceptjs-bdd/node_modules/webdriverio/build/commands/browser/waitUntil.js:39:23
                    at async Browser.wrapCommandFn (file:///C:/Users/laksh/codeceptjs-bdd/node_modules/webdriverio/node_modules/@wdio/utils/build/shim.js:90:29)</stack-trace>
            </failure>
        </test-case>
    </test-cases>
</ns2:test-suite>