<?xml version='1.0'?>
<ns2:test-suite xmlns:ns2='urn:model.allure.qatools.yandex.ru' start='1716650679722' stop='1716650823840'>
    <name>Main Page Tests</name>
    <title>Main Page Tests</title>
    <test-cases>
        <test-case start='1716650679723' status='failed' stop='1716650736487'>
            <name>Verify Most Read section is appearing on Desktop</name>
            <title>Verify Most Read section is appearing on Desktop</title>
            <labels>
                <label name='language' value='javascript'/>
                <label name='framework' value='codeceptjs'/>
            </labels>
            <parameters/>
            <steps>
                <step start='1716650679727' status='failed' stop='1716650736487'>
                    <name>Given I am on the main page ""</name>
                    <title>Given I am on the main page ""</title>
                    <attachments/>
                    <steps>
                        <step start='1716650679727' status='passed' stop='1716650706478'>
                            <name>I am on page "https://www.aljazeera.com/"</name>
                            <title>I am on page "https://www.aljazeera.com/"</title>
                            <attachments/>
                            <steps/>
                        </step>
                        <step start='1716650706478' status='failed' stop='1716650736487'>
                            <name>I wait for element "//h2[text()="Most Read"]/following-sibling::ul", 30</name>
                            <title>I wait for element "//h2[text()="Most Read"]/following-sibling::ul", 30</title>
                            <attachments/>
                            <steps/>
                        </step>
                    </steps>
                </step>
            </steps>
            <attachments>
                <attachment title='Main session - Last Seen Screenshot' source='b38a6206-16ae-42cc-a0d5-8dffe9af9716-attachment.png' type='image/png' size='1164733'/>
            </attachments>
            <failure>
                <message>element (//h2[text()="Most Read"]/following-sibling::ul) still not present on page after 30 sec</message>
                <stack-trace>Error: element (//h2[text()="Most Read"]/following-sibling::ul) still not present on page after 30 sec
                    at file:///C:/Users/laksh/codeceptjs-bdd/node_modules/webdriverio/build/commands/browser/waitUntil.js:39:23
                    at async Browser.wrapCommandFn (file:///C:/Users/laksh/codeceptjs-bdd/node_modules/webdriverio/node_modules/@wdio/utils/build/shim.js:90:29)</stack-trace>
            </failure>
        </test-case>
        <test-case start='1716650737196' status='failed' stop='1716650779041'>
            <name>Verify Most Read section has 10 posts on Desktop</name>
            <title>Verify Most Read section has 10 posts on Desktop</title>
            <labels>
                <label name='language' value='javascript'/>
                <label name='framework' value='codeceptjs'/>
            </labels>
            <parameters/>
            <steps>
                <step start='1716650737200' status='failed' stop='1716650779041'>
                    <name>Given I am on the main page ""</name>
                    <title>Given I am on the main page ""</title>
                    <attachments/>
                    <steps>
                        <step start='1716650737200' status='passed' stop='1716650749039'>
                            <name>I am on page "https://www.aljazeera.com/"</name>
                            <title>I am on page "https://www.aljazeera.com/"</title>
                            <attachments/>
                            <steps/>
                        </step>
                        <step start='1716650749039' status='failed' stop='1716650779041'>
                            <name>I wait for element "//h2[text()="Most Read"]/following-sibling::ul", 30</name>
                            <title>I wait for element "//h2[text()="Most Read"]/following-sibling::ul", 30</title>
                            <attachments/>
                            <steps/>
                        </step>
                    </steps>
                </step>
            </steps>
            <attachments>
                <attachment title='Main session - Last Seen Screenshot' source='7e3b1c5d-f3a6-42ec-bb4c-dc5ca328fdf3-attachment.png' type='image/png' size='1164733'/>
            </attachments>
            <failure>
                <message>element (//h2[text()="Most Read"]/following-sibling::ul) still not present on page after 30 sec</message>
                <stack-trace>Error: element (//h2[text()="Most Read"]/following-sibling::ul) still not present on page after 30 sec
                    at file:///C:/Users/laksh/codeceptjs-bdd/node_modules/webdriverio/build/commands/browser/waitUntil.js:39:23
                    at async Browser.wrapCommandFn (file:///C:/Users/laksh/codeceptjs-bdd/node_modules/webdriverio/node_modules/@wdio/utils/build/shim.js:90:29)</stack-trace>
            </failure>
        </test-case>
        <test-case start='1716650779610' status='failed' stop='1716650779613'>
            <name>Verify Most Read section is not appearing on Mobile</name>
            <title>Verify Most Read section is not appearing on Mobile</title>
            <labels>
                <label name='language' value='javascript'/>
                <label name='framework' value='codeceptjs'/>
            </labels>
            <parameters/>
            <steps/>
            <attachments>
                <attachment title='Main session - Last Seen Screenshot' source='d397dcc5-2c52-4b85-847c-37c0002db4f6-attachment.png' type='image/png' size='1164733'/>
            </attachments>
            <failure>
                <message>I.setWindowSize is not a function</message>
                <stack-trace>TypeError: I.setWindowSize is not a function
                    at C:\Users\laksh\codeceptjs-bdd\steps\mainPage_steps.js:13:5
                    at runSteps (C:\Users\laksh\codeceptjs-bdd\node_modules\codeceptjs\lib\interfaces\gherkin.js:82:15)
                    at Test.&lt;anonymous> (C:\Users\laksh\codeceptjs-bdd\node_modules\codeceptjs\lib\interfaces\gherkin.js:142:48)
                    at test.fn (C:\Users\laksh\codeceptjs-bdd\node_modules\codeceptjs\lib\scenario.js:79:14)
                    at callFnAsync (C:\Users\laksh\codeceptjs-bdd\node_modules\mocha\lib\runnable.js:394:21)
                    at Runnable.run (C:\Users\laksh\codeceptjs-bdd\node_modules\mocha\lib\runnable.js:338:7)
                    at Runner.runTest (C:\Users\laksh\codeceptjs-bdd\node_modules\mocha\lib\runner.js:677:10)
                    at C:\Users\laksh\codeceptjs-bdd\node_modules\mocha\lib\runner.js:800:12
                    at next (C:\Users\laksh\codeceptjs-bdd\node_modules\mocha\lib\runner.js:592:14)
                    at C:\Users\laksh\codeceptjs-bdd\node_modules\mocha\lib\runner.js:602:7</stack-trace>
            </failure>
        </test-case>
        <test-case start='1716650780004' status='failed' stop='1716650823261'>
            <name>Verify Bypass Block menu item for Most Read is working on Desktop</name>
            <title>Verify Bypass Block menu item for Most Read is working on Desktop</title>
            <labels>
                <label name='language' value='javascript'/>
                <label name='framework' value='codeceptjs'/>
            </labels>
            <parameters/>
            <steps>
                <step start='1716650780008' status='failed' stop='1716650823261'>
                    <name>Given I am on the main page ""</name>
                    <title>Given I am on the main page ""</title>
                    <attachments/>
                    <steps>
                        <step start='1716650780008' status='passed' stop='1716650793249'>
                            <name>I am on page "https://www.aljazeera.com/"</name>
                            <title>I am on page "https://www.aljazeera.com/"</title>
                            <attachments/>
                            <steps/>
                        </step>
                        <step start='1716650793249' status='failed' stop='1716650823261'>
                            <name>I wait for element "//h2[text()="Most Read"]/following-sibling::ul", 30</name>
                            <title>I wait for element "//h2[text()="Most Read"]/following-sibling::ul", 30</title>
                            <attachments/>
                            <steps/>
                        </step>
                    </steps>
                </step>
            </steps>
            <attachments>
                <attachment title='Main session - Last Seen Screenshot' source='52a1091d-df84-49b5-bc65-b61e50d703be-attachment.png' type='image/png' size='1164735'/>
            </attachments>
            <failure>
                <message>element (//h2[text()="Most Read"]/following-sibling::ul) still not present on page after 30 sec</message>
                <stack-trace>Error: element (//h2[text()="Most Read"]/following-sibling::ul) still not present on page after 30 sec
                    at file:///C:/Users/laksh/codeceptjs-bdd/node_modules/webdriverio/build/commands/browser/waitUntil.js:39:23
                    at async Browser.wrapCommandFn (file:///C:/Users/laksh/codeceptjs-bdd/node_modules/webdriverio/node_modules/@wdio/utils/build/shim.js:90:29)</stack-trace>
            </failure>
        </test-case>
    </test-cases>
</ns2:test-suite>