<?xml version='1.0'?>
<ns2:test-suite xmlns:ns2='urn:model.allure.qatools.yandex.ru' start='1716651424246' stop='1716651552000'>
    <name>Main Page Tests</name>
    <title>Main Page Tests</title>
    <test-cases>
        <test-case start='1716651424246' status='failed' stop='1716651463452'>
            <name>Verify Most Read section is appearing on Desktop</name>
            <title>Verify Most Read section is appearing on Desktop</title>
            <labels>
                <label name='language' value='javascript'/>
                <label name='framework' value='codeceptjs'/>
            </labels>
            <parameters/>
            <steps>
                <step start='1716651424253' status='failed' stop='1716651463452'>
                    <name>Given I am on the main page ""</name>
                    <title>Given I am on the main page ""</title>
                    <attachments/>
                    <steps>
                        <step start='1716651424253' status='passed' stop='1716651433923'>
                            <name>I am on page "https://www.aljazeera.com/"</name>
                            <title>I am on page "https://www.aljazeera.com/"</title>
                            <attachments/>
                            <steps/>
                        </step>
                        <step start='1716651433923' status='failed' stop='1716651463451'>
                            <name>I wait for element "//h2[text()="Most Read"]/following-sibling::ul", 30</name>
                            <title>I wait for element "//h2[text()="Most Read"]/following-sibling::ul", 30</title>
                            <attachments/>
                            <steps/>
                        </step>
                    </steps>
                </step>
            </steps>
            <attachments>
                <attachment title='Main session - Last Seen Screenshot' source='fbebf7b8-0499-47ab-82f6-e8b95cb9d91e-attachment.png' type='image/png' size='1164991'/>
            </attachments>
            <failure>
                <message>element (//h2[text()="Most Read"]/following-sibling::ul) still not present on page after 30 sec</message>
                <stack-trace>Error: element (//h2[text()="Most Read"]/following-sibling::ul) still not present on page after 30 sec
                    at file:///C:/Users/laksh/codeceptjs-bdd/node_modules/webdriverio/build/commands/browser/waitUntil.js:39:23
                    at process.processTicksAndRejections (node:internal/process/task_queues:95:5)
                    at async Browser.wrapCommandFn (file:///C:/Users/laksh/codeceptjs-bdd/node_modules/webdriverio/node_modules/@wdio/utils/build/shim.js:90:29)</stack-trace>
            </failure>
        </test-case>
        <test-case start='1716651464160' status='failed' stop='1716651518637'>
            <name>Verify Most Read section has 10 posts on Desktop</name>
            <title>Verify Most Read section has 10 posts on Desktop</title>
            <labels>
                <label name='language' value='javascript'/>
                <label name='framework' value='codeceptjs'/>
            </labels>
            <parameters/>
            <steps>
                <step start='1716651464169' status='failed' stop='1716651518637'>
                    <name>Given I am on the main page ""</name>
                    <title>Given I am on the main page ""</title>
                    <attachments/>
                    <steps>
                        <step start='1716651464169' status='passed' stop='1716651488635'>
                            <name>I am on page "https://www.aljazeera.com/"</name>
                            <title>I am on page "https://www.aljazeera.com/"</title>
                            <attachments/>
                            <steps/>
                        </step>
                        <step start='1716651488636' status='failed' stop='1716651518637'>
                            <name>I wait for element "//h2[text()="Most Read"]/following-sibling::ul", 30</name>
                            <title>I wait for element "//h2[text()="Most Read"]/following-sibling::ul", 30</title>
                            <attachments/>
                            <steps/>
                        </step>
                    </steps>
                </step>
            </steps>
            <attachments>
                <attachment title='Main session - Last Seen Screenshot' source='b544bd06-3b13-486b-9b9f-2197895125cb-attachment.png' type='image/png' size='1165050'/>
            </attachments>
            <failure>
                <message>element (//h2[text()="Most Read"]/following-sibling::ul) still not present on page after 30 sec</message>
                <stack-trace>Error: element (//h2[text()="Most Read"]/following-sibling::ul) still not present on page after 30 sec
                    at file:///C:/Users/laksh/codeceptjs-bdd/node_modules/webdriverio/build/commands/browser/waitUntil.js:39:23
                    at async Browser.wrapCommandFn (file:///C:/Users/laksh/codeceptjs-bdd/node_modules/webdriverio/node_modules/@wdio/utils/build/shim.js:90:29)</stack-trace>
            </failure>
        </test-case>
        <test-case start='1716651519225' status='failed' stop='1716651519233'>
            <name>Verify Most Read section is not appearing on Mobile</name>
            <title>Verify Most Read section is not appearing on Mobile</title>
            <labels>
                <label name='language' value='javascript'/>
                <label name='framework' value='codeceptjs'/>
            </labels>
            <parameters/>
            <steps/>
            <attachments>
                <attachment title='Main session - Last Seen Screenshot' source='79ecf5c9-08a1-4576-9e28-56b625906e03-attachment.png' type='image/png' size='1165050'/>
            </attachments>
            <failure>
                <message>I.setWindowSize is not a function</message>
                <stack-trace>TypeError: I.setWindowSize is not a function
                    at C:\Users\laksh\codeceptjs-bdd\steps\mainPage_steps.js:13:5
                    at runSteps (C:\Users\laksh\codeceptjs-bdd\node_modules\codeceptjs\lib\interfaces\gherkin.js:82:15)
                    at Test.&lt;anonymous> (C:\Users\laksh\codeceptjs-bdd\node_modules\codeceptjs\lib\interfaces\gherkin.js:142:48)
                    at test.fn (C:\Users\laksh\codeceptjs-bdd\node_modules\codeceptjs\lib\scenario.js:79:14)
                    at callFnAsync (C:\Users\laksh\codeceptjs-bdd\node_modules\mocha\lib\runnable.js:394:21)
                    at Runnable.run (C:\Users\laksh\codeceptjs-bdd\node_modules\mocha\lib\runnable.js:338:7)
                    at Runner.runTest (C:\Users\laksh\codeceptjs-bdd\node_modules\mocha\lib\runner.js:677:10)
                    at C:\Users\laksh\codeceptjs-bdd\node_modules\mocha\lib\runner.js:800:12
                    at next (C:\Users\laksh\codeceptjs-bdd\node_modules\mocha\lib\runner.js:592:14)
                    at C:\Users\laksh\codeceptjs-bdd\node_modules\mocha\lib\runner.js:602:7</stack-trace>
            </failure>
        </test-case>
        <test-case start='1716651519647' status='failed' stop='1716651551210'>
            <name>Verify Bypass Block menu item for Most Read is working on Desktop</name>
            <title>Verify Bypass Block menu item for Most Read is working on Desktop</title>
            <labels>
                <label name='language' value='javascript'/>
                <label name='framework' value='codeceptjs'/>
            </labels>
            <parameters/>
            <steps>
                <step start='1716651519657' status='failed' stop='1716651551209'>
                    <name>Given I am on the main page ""</name>
                    <title>Given I am on the main page ""</title>
                    <attachments/>
                    <steps>
                        <step start='1716651519658' status='passed' stop='1716651521207'>
                            <name>I am on page "https://www.aljazeera.com/"</name>
                            <title>I am on page "https://www.aljazeera.com/"</title>
                            <attachments/>
                            <steps/>
                        </step>
                        <step start='1716651521207' status='failed' stop='1716651551209'>
                            <name>I wait for element "//h2[text()="Most Read"]/following-sibling::ul", 30</name>
                            <title>I wait for element "//h2[text()="Most Read"]/following-sibling::ul", 30</title>
                            <attachments/>
                            <steps/>
                        </step>
                    </steps>
                </step>
            </steps>
            <attachments>
                <attachment title='Main session - Last Seen Screenshot' source='5242e4e5-c37a-4f1a-8392-22ee95274ff8-attachment.png' type='image/png' size='1165050'/>
            </attachments>
            <failure>
                <message>element (//h2[text()="Most Read"]/following-sibling::ul) still not present on page after 30 sec</message>
                <stack-trace>Error: element (//h2[text()="Most Read"]/following-sibling::ul) still not present on page after 30 sec
                    at file:///C:/Users/laksh/codeceptjs-bdd/node_modules/webdriverio/build/commands/browser/waitUntil.js:39:23
                    at async Browser.wrapCommandFn (file:///C:/Users/laksh/codeceptjs-bdd/node_modules/webdriverio/node_modules/@wdio/utils/build/shim.js:90:29)</stack-trace>
            </failure>
        </test-case>
    </test-cases>
</ns2:test-suite>